<?xml version="1.0" encoding="utf-8"?>
<CoverageSession>
  <Summary numSequencePoints="260" visitedSequencePoints="260" numBranchPoints="260" visitedBranchPoints="260" sequenceCoverage="1" branchCoverage="1" maxCyclomaticComplexity="117" minCyclomaticComplexity="117" visitedClasses="4" numClasses="5" visitedMethods="26" numMethods="26" />
  <Modules>
    <Module hash="BE40AD2D-EFDB-4710-8CA8-7D08DEEA6A8D">
      <ModulePath>Utility.CommandLine.Arguments.dll</ModulePath>
      <ModuleTime>2018-11-27T03:20:05</ModuleTime>
      <ModuleName>Utility.CommandLine.Arguments</ModuleName>
      <Files>
        <File uid="1" fullPath="C:\Users\JP.WHATNET\source\repos\Utility.CommandLine.Arguments\src\Utility.CommandLine.Arguments\Arguments.cs" />
      </Files>
      <Classes>
        <Class>
          <Summary numSequencePoints="17" visitedSequencePoints="17" numBranchPoints="4" visitedBranchPoints="4" sequenceCoverage="1" branchCoverage="1" maxCyclomaticComplexity="4" minCyclomaticComplexity="4" visitedClasses="1" numClasses="1" visitedMethods="1" numMethods="1" />
          <FullName>Utility.CommandLine.ArgumentsExtensions</FullName>
          <Methods>
            <Method cyclomaticComplexity="4" nPathComplexity="0" sequenceCoverage="1" branchCoverage="1" isConstructor="False" isGetter="False" isSetter="False" isStatic="True">
              <Summary numSequencePoints="17" visitedSequencePoints="17" numBranchPoints="4" visitedBranchPoints="4" sequenceCoverage="1" branchCoverage="1" maxCyclomaticComplexity="4" minCyclomaticComplexity="4" visitedClasses="0" numClasses="0" visitedMethods="1" numMethods="1" />
              <MetadataToken />
              <Name>System.Void Utility.CommandLine.ArgumentsExtensions::ExclusiveAdd(System.Collections.Generic.Dictionary`2&lt;System.String,System.Object&gt;,System.String,System.Object)</Name>
              <FileRef uid="1" />
              <SequencePoints>
                <SequencePoint vc="84" upsid="58" ordinal="0" sl="58" sc="1" el="58" ec="2" bec="0" bev="0" fileid="1" />
                <SequencePoint vc="84" upsid="59" ordinal="1" sl="59" sc="1" el="59" ec="2" bec="0" bev="0" fileid="1" />
                <SequencePoint vc="79" upsid="60" ordinal="2" sl="60" sc="1" el="60" ec="2" bec="0" bev="0" fileid="1" />
                <SequencePoint vc="79" upsid="61" ordinal="3" sl="61" sc="1" el="61" ec="2" bec="0" bev="0" fileid="1" />
                <SequencePoint vc="79" upsid="62" ordinal="4" sl="62" sc="1" el="62" ec="2" bec="0" bev="0" fileid="1" />
                <SequencePoint vc="5" upsid="64" ordinal="5" sl="64" sc="1" el="64" ec="2" bec="0" bev="0" fileid="1" />
                <SequencePoint vc="5" upsid="65" ordinal="6" sl="65" sc="1" el="65" ec="2" bec="0" bev="0" fileid="1" />
                <SequencePoint vc="5" upsid="67" ordinal="7" sl="67" sc="1" el="67" ec="2" bec="0" bev="0" fileid="1" />
                <SequencePoint vc="2" upsid="68" ordinal="8" sl="68" sc="1" el="68" ec="2" bec="0" bev="0" fileid="1" />
                <SequencePoint vc="2" upsid="69" ordinal="9" sl="69" sc="1" el="69" ec="2" bec="0" bev="0" fileid="1" />
                <SequencePoint vc="2" upsid="70" ordinal="10" sl="70" sc="1" el="70" ec="2" bec="0" bev="0" fileid="1" />
                <SequencePoint vc="3" upsid="72" ordinal="11" sl="72" sc="1" el="72" ec="2" bec="0" bev="0" fileid="1" />
                <SequencePoint vc="3" upsid="73" ordinal="12" sl="73" sc="1" el="73" ec="2" bec="0" bev="0" fileid="1" />
                <SequencePoint vc="3" upsid="75" ordinal="13" sl="75" sc="1" el="75" ec="2" bec="0" bev="0" fileid="1" />
                <SequencePoint vc="3" upsid="76" ordinal="14" sl="76" sc="1" el="76" ec="2" bec="0" bev="0" fileid="1" />
                <SequencePoint vc="5" upsid="77" ordinal="15" sl="77" sc="1" el="77" ec="2" bec="0" bev="0" fileid="1" />
                <SequencePoint vc="84" upsid="78" ordinal="16" sl="78" sc="1" el="78" ec="2" bec="0" bev="0" fileid="1" />
              </SequencePoints>
              <BranchPoints>
                <BranchPoint vc="79" upsid="59" ordinal="0" path="0" offset="13" offsetend="15" sl="59" fileid="1" />
                <BranchPoint vc="5" upsid="59" ordinal="1" path="1" offset="13" offsetend="28" sl="59" fileid="1" />
                <BranchPoint vc="2" upsid="67" ordinal="2" path="0" offset="71" offsetend="73" sl="67" fileid="1" />
                <BranchPoint vc="3" upsid="67" ordinal="3" path="1" offset="71" offsetend="96" sl="67" fileid="1" />
              </BranchPoints>
              <MethodPoint vc="17" upsid="0" p8:type="SequencePoint" ordinal="0" offset="0" sc="0" sl="58" ec="1" el="78" bec="0" bev="0" fileid="1" xmlns:p8="xsi" />
            </Method>
          </Methods>
        </Class>
        <Class>
          <Summary numSequencePoints="9" visitedSequencePoints="9" numBranchPoints="0" visitedBranchPoints="0" sequenceCoverage="1" branchCoverage="0" maxCyclomaticComplexity="1" minCyclomaticComplexity="1" visitedClasses="1" numClasses="1" visitedMethods="4" numMethods="4" />
          <FullName>Utility.CommandLine.ArgumentAttribute</FullName>
          <Methods>
            <Method cyclomaticComplexity="1" nPathComplexity="0" sequenceCoverage="1" branchCoverage="0" isConstructor="False" isGetter="True" isSetter="False" isStatic="True">
              <Summary numSequencePoints="1" visitedSequencePoints="1" numBranchPoints="0" visitedBranchPoints="0" sequenceCoverage="1" branchCoverage="0" maxCyclomaticComplexity="1" minCyclomaticComplexity="1" visitedClasses="0" numClasses="0" visitedMethods="1" numMethods="1" />
              <MetadataToken />
              <Name>System.String Utility.CommandLine.ArgumentAttribute::get_HelpText()</Name>
              <FileRef uid="1" />
              <SequencePoints>
                <SequencePoint vc="2" upsid="104" ordinal="0" sl="104" sc="1" el="104" ec="2" bec="0" bev="0" fileid="1" />
              </SequencePoints>
              <BranchPoints />
              <MethodPoint vc="1" upsid="0" p8:type="SequencePoint" ordinal="0" offset="0" sc="0" sl="104" ec="1" el="104" bec="0" bev="0" fileid="1" xmlns:p8="xsi" />
            </Method>
            <Method cyclomaticComplexity="1" nPathComplexity="0" sequenceCoverage="1" branchCoverage="0" isConstructor="False" isGetter="True" isSetter="False" isStatic="True">
              <Summary numSequencePoints="1" visitedSequencePoints="1" numBranchPoints="0" visitedBranchPoints="0" sequenceCoverage="1" branchCoverage="0" maxCyclomaticComplexity="1" minCyclomaticComplexity="1" visitedClasses="0" numClasses="0" visitedMethods="1" numMethods="1" />
              <MetadataToken />
              <Name>System.String Utility.CommandLine.ArgumentAttribute::get_LongName()</Name>
              <FileRef uid="1" />
              <SequencePoints>
                <SequencePoint vc="2" upsid="109" ordinal="0" sl="109" sc="1" el="109" ec="2" bec="0" bev="0" fileid="1" />
              </SequencePoints>
              <BranchPoints />
              <MethodPoint vc="1" upsid="0" p8:type="SequencePoint" ordinal="1" offset="1" sc="0" sl="109" ec="1" el="109" bec="0" bev="0" fileid="1" xmlns:p8="xsi" />
            </Method>
            <Method cyclomaticComplexity="1" nPathComplexity="0" sequenceCoverage="1" branchCoverage="0" isConstructor="False" isGetter="True" isSetter="False" isStatic="True">
              <Summary numSequencePoints="1" visitedSequencePoints="1" numBranchPoints="0" visitedBranchPoints="0" sequenceCoverage="1" branchCoverage="0" maxCyclomaticComplexity="1" minCyclomaticComplexity="1" visitedClasses="0" numClasses="0" visitedMethods="1" numMethods="1" />
              <MetadataToken />
              <Name>System.Char Utility.CommandLine.ArgumentAttribute::get_ShortName()</Name>
              <FileRef uid="1" />
              <SequencePoints>
                <SequencePoint vc="2" upsid="114" ordinal="0" sl="114" sc="1" el="114" ec="2" bec="0" bev="0" fileid="1" />
              </SequencePoints>
              <BranchPoints />
              <MethodPoint vc="1" upsid="0" p8:type="SequencePoint" ordinal="2" offset="2" sc="0" sl="114" ec="1" el="114" bec="0" bev="0" fileid="1" xmlns:p8="xsi" />
            </Method>
            <Method cyclomaticComplexity="1" nPathComplexity="0" sequenceCoverage="1" branchCoverage="0" isConstructor="True" isGetter="False" isSetter="False" isStatic="True">
              <Summary numSequencePoints="6" visitedSequencePoints="6" numBranchPoints="0" visitedBranchPoints="0" sequenceCoverage="1" branchCoverage="0" maxCyclomaticComplexity="1" minCyclomaticComplexity="1" visitedClasses="0" numClasses="0" visitedMethods="1" numMethods="1" />
              <MetadataToken />
              <Name>System.Void Utility.CommandLine.ArgumentAttribute::.ctor(System.Char,System.String,System.String)</Name>
              <FileRef uid="1" />
              <SequencePoints>
                <SequencePoint vc="1" upsid="94" ordinal="0" sl="94" sc="1" el="94" ec="2" bec="0" bev="0" fileid="1" />
                <SequencePoint vc="1" upsid="95" ordinal="1" sl="95" sc="1" el="95" ec="2" bec="0" bev="0" fileid="1" />
                <SequencePoint vc="1" upsid="96" ordinal="2" sl="96" sc="1" el="96" ec="2" bec="0" bev="0" fileid="1" />
                <SequencePoint vc="1" upsid="97" ordinal="3" sl="97" sc="1" el="97" ec="2" bec="0" bev="0" fileid="1" />
                <SequencePoint vc="1" upsid="98" ordinal="4" sl="98" sc="1" el="98" ec="2" bec="0" bev="0" fileid="1" />
                <SequencePoint vc="1" upsid="99" ordinal="5" sl="99" sc="1" el="99" ec="2" bec="0" bev="0" fileid="1" />
              </SequencePoints>
              <BranchPoints />
              <MethodPoint vc="6" upsid="0" p8:type="SequencePoint" ordinal="3" offset="3" sc="0" sl="94" ec="1" el="99" bec="0" bev="0" fileid="1" xmlns:p8="xsi" />
            </Method>
          </Methods>
        </Class>
        <Class>
          <Summary numSequencePoints="231" visitedSequencePoints="231" numBranchPoints="96" visitedBranchPoints="94" sequenceCoverage="1" branchCoverage="0.979" maxCyclomaticComplexity="32" minCyclomaticComplexity="1" visitedClasses="1" numClasses="1" visitedMethods="18" numMethods="18" />
          <FullName>Utility.CommandLine.Arguments</FullName>
          <Methods>
            <Method cyclomaticComplexity="1" nPathComplexity="0" sequenceCoverage="1" branchCoverage="0" isConstructor="False" isGetter="True" isSetter="False" isStatic="True">
              <Summary numSequencePoints="1" visitedSequencePoints="1" numBranchPoints="0" visitedBranchPoints="0" sequenceCoverage="1" branchCoverage="0" maxCyclomaticComplexity="1" minCyclomaticComplexity="1" visitedClasses="0" numClasses="0" visitedMethods="1" numMethods="1" />
              <MetadataToken />
              <Name>System.Collections.Generic.Dictionary`2&lt;System.String,System.Object&gt; Utility.CommandLine.Arguments::get_ArgumentDictionary()</Name>
              <FileRef uid="1" />
              <SequencePoints>
                <SequencePoint vc="193" upsid="170" ordinal="0" sl="170" sc="1" el="170" ec="2" bec="0" bev="0" fileid="1" />
              </SequencePoints>
              <BranchPoints />
              <MethodPoint vc="1" upsid="0" p8:type="SequencePoint" ordinal="0" offset="0" sc="0" sl="170" ec="1" el="170" bec="0" bev="0" fileid="1" xmlns:p8="xsi" />
            </Method>
            <Method cyclomaticComplexity="1" nPathComplexity="0" sequenceCoverage="1" branchCoverage="0" isConstructor="False" isGetter="True" isSetter="False" isStatic="True">
              <Summary numSequencePoints="1" visitedSequencePoints="1" numBranchPoints="0" visitedBranchPoints="0" sequenceCoverage="1" branchCoverage="0" maxCyclomaticComplexity="1" minCyclomaticComplexity="1" visitedClasses="0" numClasses="0" visitedMethods="1" numMethods="1" />
              <MetadataToken />
              <Name>System.String Utility.CommandLine.Arguments::get_CommandLineString()</Name>
              <FileRef uid="1" />
              <SequencePoints>
                <SequencePoint vc="49" upsid="175" ordinal="0" sl="175" sc="1" el="175" ec="2" bec="0" bev="0" fileid="1" />
              </SequencePoints>
              <BranchPoints />
              <MethodPoint vc="1" upsid="0" p8:type="SequencePoint" ordinal="1" offset="1" sc="0" sl="175" ec="1" el="175" bec="0" bev="0" fileid="1" xmlns:p8="xsi" />
            </Method>
            <Method cyclomaticComplexity="1" nPathComplexity="0" sequenceCoverage="1" branchCoverage="0" isConstructor="False" isGetter="True" isSetter="False" isStatic="True">
              <Summary numSequencePoints="1" visitedSequencePoints="1" numBranchPoints="0" visitedBranchPoints="0" sequenceCoverage="1" branchCoverage="0" maxCyclomaticComplexity="1" minCyclomaticComplexity="1" visitedClasses="0" numClasses="0" visitedMethods="1" numMethods="1" />
              <MetadataToken />
              <Name>System.Collections.Generic.List`1&lt;System.String&gt; Utility.CommandLine.Arguments::get_OperandList()</Name>
              <FileRef uid="1" />
              <SequencePoints>
                <SequencePoint vc="87" upsid="180" ordinal="0" sl="180" sc="1" el="180" ec="2" bec="0" bev="0" fileid="1" />
              </SequencePoints>
              <BranchPoints />
              <MethodPoint vc="1" upsid="0" p8:type="SequencePoint" ordinal="2" offset="2" sc="0" sl="180" ec="1" el="180" bec="0" bev="0" fileid="1" xmlns:p8="xsi" />
            </Method>
            <Method cyclomaticComplexity="1" nPathComplexity="0" sequenceCoverage="1" branchCoverage="0" isConstructor="False" isGetter="True" isSetter="False" isStatic="True">
              <Summary numSequencePoints="3" visitedSequencePoints="3" numBranchPoints="0" visitedBranchPoints="0" sequenceCoverage="1" branchCoverage="0" maxCyclomaticComplexity="1" minCyclomaticComplexity="1" visitedClasses="0" numClasses="0" visitedMethods="1" numMethods="1" />
              <MetadataToken />
              <Name>System.Object Utility.CommandLine.Arguments::get_Item(System.String)</Name>
              <FileRef uid="1" />
              <SequencePoints>
                <SequencePoint vc="3" upsid="190" ordinal="0" sl="190" sc="1" el="190" ec="2" bec="0" bev="0" fileid="1" />
                <SequencePoint vc="3" upsid="191" ordinal="1" sl="191" sc="1" el="191" ec="2" bec="0" bev="0" fileid="1" />
                <SequencePoint vc="3" upsid="192" ordinal="2" sl="192" sc="1" el="192" ec="2" bec="0" bev="0" fileid="1" />
              </SequencePoints>
              <BranchPoints />
              <MethodPoint vc="3" upsid="0" p8:type="SequencePoint" ordinal="3" offset="3" sc="0" sl="190" ec="1" el="192" bec="0" bev="0" fileid="1" xmlns:p8="xsi" />
            </Method>
            <Method cyclomaticComplexity="8" nPathComplexity="0" sequenceCoverage="1" branchCoverage="1" isConstructor="False" isGetter="False" isSetter="False" isStatic="True">
              <Summary numSequencePoints="18" visitedSequencePoints="18" numBranchPoints="8" visitedBranchPoints="8" sequenceCoverage="1" branchCoverage="1" maxCyclomaticComplexity="8" minCyclomaticComplexity="8" visitedClasses="0" numClasses="0" visitedMethods="1" numMethods="1" />
              <MetadataToken />
              <Name>System.Collections.Generic.IEnumerable`1&lt;Utility.CommandLine.ArgumentHelp&gt; Utility.CommandLine.Arguments::GetArgumentHelp(System.Type)</Name>
              <FileRef uid="1" />
              <SequencePoints>
                <SequencePoint vc="2" upsid="202" ordinal="0" sl="202" sc="1" el="202" ec="2" bec="0" bev="0" fileid="1" />
                <SequencePoint vc="2" upsid="203" ordinal="1" sl="203" sc="1" el="203" ec="2" bec="0" bev="0" fileid="1" />
                <SequencePoint vc="2" upsid="204" ordinal="2" sl="204" sc="1" el="204" ec="2" bec="0" bev="0" fileid="1" />
                <SequencePoint vc="30" upsid="206" ordinal="3" sl="206" sc="1" el="206" ec="2" bec="0" bev="0" fileid="1" />
                <SequencePoint vc="12" upsid="207" ordinal="4" sl="207" sc="1" el="207" ec="2" bec="0" bev="0" fileid="1" />
                <SequencePoint vc="24" upsid="208" ordinal="5" sl="208" sc="1" el="208" ec="2" bec="0" bev="0" fileid="1" />
                <SequencePoint vc="12" upsid="210" ordinal="6" sl="210" sc="1" el="210" ec="2" bec="0" bev="0" fileid="1" />
                <SequencePoint vc="12" upsid="211" ordinal="7" sl="211" sc="1" el="211" ec="2" bec="0" bev="0" fileid="1" />
                <SequencePoint vc="12" upsid="212" ordinal="8" sl="212" sc="1" el="212" ec="2" bec="0" bev="0" fileid="1" />
                <SequencePoint vc="12" upsid="213" ordinal="9" sl="213" sc="1" el="213" ec="2" bec="0" bev="0" fileid="1" />
                <SequencePoint vc="12" upsid="214" ordinal="10" sl="214" sc="1" el="214" ec="2" bec="0" bev="0" fileid="1" />
                <SequencePoint vc="12" upsid="215" ordinal="11" sl="215" sc="1" el="215" ec="2" bec="0" bev="0" fileid="1" />
                <SequencePoint vc="12" upsid="216" ordinal="12" sl="216" sc="1" el="216" ec="2" bec="0" bev="0" fileid="1" />
                <SequencePoint vc="12" upsid="217" ordinal="13" sl="217" sc="1" el="217" ec="2" bec="0" bev="0" fileid="1" />
                <SequencePoint vc="12" upsid="218" ordinal="14" sl="218" sc="1" el="218" ec="2" bec="0" bev="0" fileid="1" />
                <SequencePoint vc="12" upsid="219" ordinal="15" sl="219" sc="1" el="219" ec="2" bec="0" bev="0" fileid="1" />
                <SequencePoint vc="2" upsid="221" ordinal="16" sl="221" sc="1" el="221" ec="2" bec="0" bev="0" fileid="1" />
                <SequencePoint vc="2" upsid="222" ordinal="17" sl="222" sc="1" el="222" ec="2" bec="0" bev="0" fileid="1" />
              </SequencePoints>
              <BranchPoints>
                <BranchPoint vc="1" upsid="203" ordinal="0" path="0" offset="3" offsetend="5" sl="203" fileid="1" />
                <BranchPoint vc="2" upsid="203" ordinal="1" path="1" offset="3" offsetend="22" sl="203" fileid="1" />
                <BranchPoint vc="12" upsid="206" ordinal="7" path="1" offset="244" offsetend="58" sl="206" fileid="1" />
                <BranchPoint vc="1" upsid="208" ordinal="2" path="0" offset="78" offsetend="80" sl="208" fileid="1" />
                <BranchPoint vc="12" upsid="208" ordinal="3" path="1" offset="78" offsetend="103" sl="208" fileid="1" />
                <BranchPoint vc="12" upsid="210" ordinal="4" path="0" offset="122" offsetend="124" sl="210" fileid="1" />
                <BranchPoint vc="12" upsid="210" ordinal="5" path="1" offset="122" offsetend="237" sl="210" fileid="1" />
                <BranchPoint vc="2" upsid="206" ordinal="6" path="0" offset="244" offsetend="249" sl="206" fileid="1" />
              </BranchPoints>
              <MethodPoint vc="18" upsid="0" p8:type="SequencePoint" ordinal="4" offset="4" sc="0" sl="202" ec="1" el="222" bec="0" bev="0" fileid="1" xmlns:p8="xsi" />
            </Method>
            <Method cyclomaticComplexity="8" nPathComplexity="0" sequenceCoverage="1" branchCoverage="1" isConstructor="False" isGetter="False" isSetter="False" isStatic="True">
              <Summary numSequencePoints="19" visitedSequencePoints="19" numBranchPoints="8" visitedBranchPoints="8" sequenceCoverage="1" branchCoverage="1" maxCyclomaticComplexity="8" minCyclomaticComplexity="8" visitedClasses="0" numClasses="0" visitedMethods="1" numMethods="1" />
              <MetadataToken />
              <Name>Utility.CommandLine.Arguments Utility.CommandLine.Arguments::Parse(System.String)</Name>
              <FileRef uid="1" />
              <SequencePoints>
                <SequencePoint vc="45" upsid="234" ordinal="0" sl="234" sc="1" el="234" ec="2" bec="0" bev="0" fileid="1" />
                <SequencePoint vc="45" upsid="235" ordinal="1" sl="235" sc="1" el="235" ec="2" bec="0" bev="0" fileid="1" />
                <SequencePoint vc="45" upsid="241" ordinal="2" sl="241" sc="1" el="241" ec="2" bec="0" bev="0" fileid="1" />
                <SequencePoint vc="45" upsid="244" ordinal="3" sl="244" sc="1" el="244" ec="2" bec="0" bev="0" fileid="1" />
                <SequencePoint vc="5" upsid="245" ordinal="4" sl="245" sc="1" el="245" ec="2" bec="0" bev="0" fileid="1" />
                <SequencePoint vc="5" upsid="248" ordinal="5" sl="248" sc="1" el="248" ec="2" bec="0" bev="0" fileid="1" />
                <SequencePoint vc="5" upsid="249" ordinal="6" sl="249" sc="1" el="249" ec="2" bec="0" bev="0" fileid="1" />
                <SequencePoint vc="5" upsid="253" ordinal="7" sl="253" sc="1" el="253" ec="2" bec="0" bev="0" fileid="1" />
                <SequencePoint vc="3" upsid="254" ordinal="8" sl="254" sc="1" el="254" ec="2" bec="0" bev="0" fileid="1" />
                <SequencePoint vc="3" upsid="255" ordinal="9" sl="255" sc="1" el="255" ec="2" bec="0" bev="0" fileid="1" />
                <SequencePoint vc="3" upsid="258" ordinal="10" sl="258" sc="1" el="258" ec="2" bec="0" bev="0" fileid="1" />
                <SequencePoint vc="3" upsid="259" ordinal="11" sl="259" sc="1" el="259" ec="2" bec="0" bev="0" fileid="1" />
                <SequencePoint vc="5" upsid="260" ordinal="12" sl="260" sc="1" el="260" ec="2" bec="0" bev="0" fileid="1" />
                <SequencePoint vc="40" upsid="262" ordinal="13" sl="262" sc="1" el="262" ec="2" bec="0" bev="0" fileid="1" />
                <SequencePoint vc="40" upsid="263" ordinal="14" sl="263" sc="1" el="263" ec="2" bec="0" bev="0" fileid="1" />
                <SequencePoint vc="40" upsid="264" ordinal="15" sl="264" sc="1" el="264" ec="2" bec="0" bev="0" fileid="1" />
                <SequencePoint vc="40" upsid="265" ordinal="16" sl="265" sc="1" el="265" ec="2" bec="0" bev="0" fileid="1" />
                <SequencePoint vc="45" upsid="267" ordinal="17" sl="267" sc="1" el="267" ec="2" bec="0" bev="0" fileid="1" />
                <SequencePoint vc="45" upsid="268" ordinal="18" sl="268" sc="1" el="268" ec="2" bec="0" bev="0" fileid="1" />
              </SequencePoints>
              <BranchPoints>
                <BranchPoint vc="42" upsid="235" ordinal="0" path="0" offset="2" offsetend="4" sl="235" fileid="1" />
                <BranchPoint vc="41" upsid="235" ordinal="2" path="0" offset="15" offsetend="17" sl="235" fileid="1" />
                <BranchPoint vc="4" upsid="235" ordinal="1" path="1" offset="2" offsetend="20" sl="235" fileid="1" />
                <BranchPoint vc="4" upsid="235" ordinal="3" path="1" offset="15" offsetend="20" sl="235" fileid="1" />
                <BranchPoint vc="5" upsid="244" ordinal="4" path="0" offset="50" offsetend="55" sl="244" fileid="1" />
                <BranchPoint vc="3" upsid="253" ordinal="6" path="0" offset="151" offsetend="153" sl="253" fileid="1" />
                <BranchPoint vc="5" upsid="253" ordinal="7" path="1" offset="151" offsetend="194" sl="253" fileid="1" />
                <BranchPoint vc="40" upsid="244" ordinal="5" path="1" offset="50" offsetend="197" sl="244" fileid="1" />
              </BranchPoints>
              <MethodPoint vc="19" upsid="0" p8:type="SequencePoint" ordinal="5" offset="5" sc="0" sl="234" ec="1" el="268" bec="0" bev="0" fileid="1" xmlns:p8="xsi" />
            </Method>
            <Method cyclomaticComplexity="1" nPathComplexity="0" sequenceCoverage="1" branchCoverage="0" isConstructor="False" isGetter="False" isSetter="False" isStatic="True">
              <Summary numSequencePoints="3" visitedSequencePoints="3" numBranchPoints="0" visitedBranchPoints="0" sequenceCoverage="1" branchCoverage="0" maxCyclomaticComplexity="1" minCyclomaticComplexity="1" visitedClasses="0" numClasses="0" visitedMethods="1" numMethods="1" />
              <MetadataToken />
              <Name>System.Void Utility.CommandLine.Arguments::Populate(System.String)</Name>
              <FileRef uid="1" />
              <SequencePoints>
                <SequencePoint vc="6" upsid="277" ordinal="0" sl="277" sc="1" el="277" ec="2" bec="0" bev="0" fileid="1" />
                <SequencePoint vc="6" upsid="278" ordinal="1" sl="278" sc="1" el="278" ec="2" bec="0" bev="0" fileid="1" />
                <SequencePoint vc="6" upsid="279" ordinal="2" sl="279" sc="1" el="279" ec="2" bec="0" bev="0" fileid="1" />
              </SequencePoints>
              <BranchPoints />
              <MethodPoint vc="3" upsid="0" p8:type="SequencePoint" ordinal="6" offset="6" sc="0" sl="277" ec="1" el="279" bec="0" bev="0" fileid="1" xmlns:p8="xsi" />
            </Method>
            <Method cyclomaticComplexity="1" nPathComplexity="0" sequenceCoverage="1" branchCoverage="0" isConstructor="False" isGetter="False" isSetter="False" isStatic="True">
              <Summary numSequencePoints="3" visitedSequencePoints="3" numBranchPoints="0" visitedBranchPoints="0" sequenceCoverage="1" branchCoverage="0" maxCyclomaticComplexity="1" minCyclomaticComplexity="1" visitedClasses="0" numClasses="0" visitedMethods="1" numMethods="1" />
              <MetadataToken />
              <Name>System.Void Utility.CommandLine.Arguments::Populate(System.Type,System.String)</Name>
              <FileRef uid="1" />
              <SequencePoints>
                <SequencePoint vc="15" upsid="291" ordinal="0" sl="291" sc="1" el="291" ec="2" bec="0" bev="0" fileid="1" />
                <SequencePoint vc="15" upsid="292" ordinal="1" sl="292" sc="1" el="292" ec="2" bec="0" bev="0" fileid="1" />
                <SequencePoint vc="12" upsid="293" ordinal="2" sl="293" sc="1" el="293" ec="2" bec="0" bev="0" fileid="1" />
              </SequencePoints>
              <BranchPoints />
              <MethodPoint vc="3" upsid="0" p8:type="SequencePoint" ordinal="7" offset="7" sc="0" sl="291" ec="1" el="293" bec="0" bev="0" fileid="1" xmlns:p8="xsi" />
            </Method>
            <Method cyclomaticComplexity="32" nPathComplexity="0" sequenceCoverage="1" branchCoverage="1" isConstructor="False" isGetter="False" isSetter="False" isStatic="True">
              <Summary numSequencePoints="76" visitedSequencePoints="76" numBranchPoints="32" visitedBranchPoints="32" sequenceCoverage="1" branchCoverage="1" maxCyclomaticComplexity="32" minCyclomaticComplexity="32" visitedClasses="0" numClasses="0" visitedMethods="1" numMethods="1" />
              <MetadataToken />
              <Name>System.Void Utility.CommandLine.Arguments::Populate(System.Type,Utility.CommandLine.Arguments)</Name>
              <FileRef uid="1" />
              <SequencePoints>
                <SequencePoint vc="21" upsid="308" ordinal="0" sl="308" sc="1" el="308" ec="2" bec="0" bev="0" fileid="1" />
                <SequencePoint vc="21" upsid="310" ordinal="1" sl="310" sc="1" el="310" ec="2" bec="0" bev="0" fileid="1" />
                <SequencePoint vc="21" upsid="312" ordinal="2" sl="312" sc="1" el="312" ec="2" bec="0" bev="0" fileid="1" />
                <SequencePoint vc="285" upsid="314" ordinal="3" sl="314" sc="1" el="314" ec="2" bec="0" bev="0" fileid="1" />
                <SequencePoint vc="112" upsid="315" ordinal="4" sl="315" sc="1" el="315" ec="2" bec="0" bev="0" fileid="1" />
                <SequencePoint vc="112" upsid="317" ordinal="5" sl="317" sc="1" el="317" ec="2" bec="0" bev="0" fileid="1" />
                <SequencePoint vc="21" upsid="318" ordinal="6" sl="318" sc="1" el="318" ec="2" bec="0" bev="0" fileid="1" />
                <SequencePoint vc="21" upsid="320" ordinal="7" sl="320" sc="1" el="320" ec="2" bec="0" bev="0" fileid="1" />
                <SequencePoint vc="21" upsid="321" ordinal="8" sl="321" sc="1" el="321" ec="2" bec="0" bev="0" fileid="1" />
                <SequencePoint vc="21" upsid="324" ordinal="9" sl="324" sc="1" el="324" ec="2" bec="0" bev="0" fileid="1" />
                <SequencePoint vc="21" upsid="326" ordinal="10" sl="326" sc="1" el="326" ec="2" bec="0" bev="0" fileid="1" />
                <SequencePoint vc="21" upsid="332" ordinal="11" sl="332" sc="1" el="332" ec="2" bec="0" bev="0" fileid="1" />
                <SequencePoint vc="4" upsid="333" ordinal="12" sl="333" sc="1" el="333" ec="2" bec="0" bev="0" fileid="1" />
                <SequencePoint vc="4" upsid="334" ordinal="13" sl="334" sc="1" el="334" ec="2" bec="0" bev="0" fileid="1" />
                <SequencePoint vc="4" upsid="339" ordinal="14" sl="339" sc="1" el="339" ec="2" bec="0" bev="0" fileid="1" />
                <SequencePoint vc="2" upsid="340" ordinal="15" sl="340" sc="1" el="340" ec="2" bec="0" bev="0" fileid="1" />
                <SequencePoint vc="2" upsid="341" ordinal="16" sl="341" sc="1" el="341" ec="2" bec="0" bev="0" fileid="1" />
                <SequencePoint vc="2" upsid="342" ordinal="17" sl="342" sc="1" el="342" ec="2" bec="0" bev="0" fileid="1" />
                <SequencePoint vc="2" upsid="343" ordinal="18" sl="343" sc="1" el="343" ec="2" bec="0" bev="0" fileid="1" />
                <SequencePoint vc="4" upsid="344" ordinal="19" sl="344" sc="1" el="344" ec="2" bec="0" bev="0" fileid="1" />
                <SequencePoint vc="17" upsid="345" ordinal="20" sl="345" sc="1" el="345" ec="2" bec="0" bev="0" fileid="1" />
                <SequencePoint vc="4" upsid="346" ordinal="21" sl="346" sc="1" el="346" ec="2" bec="0" bev="0" fileid="1" />
                <SequencePoint vc="4" upsid="349" ordinal="22" sl="349" sc="1" el="349" ec="2" bec="0" bev="0" fileid="1" />
                <SequencePoint vc="2" upsid="350" ordinal="23" sl="350" sc="1" el="350" ec="2" bec="0" bev="0" fileid="1" />
                <SequencePoint vc="2" upsid="351" ordinal="24" sl="351" sc="1" el="351" ec="2" bec="0" bev="0" fileid="1" />
                <SequencePoint vc="2" upsid="352" ordinal="25" sl="352" sc="1" el="352" ec="2" bec="0" bev="0" fileid="1" />
                <SequencePoint vc="2" upsid="354" ordinal="26" sl="354" sc="1" el="354" ec="2" bec="0" bev="0" fileid="1" />
                <SequencePoint vc="2" upsid="355" ordinal="27" sl="355" sc="1" el="355" ec="2" bec="0" bev="0" fileid="1" />
                <SequencePoint vc="2" upsid="356" ordinal="28" sl="356" sc="1" el="356" ec="2" bec="0" bev="0" fileid="1" />
                <SequencePoint vc="4" upsid="361" ordinal="29" sl="361" sc="1" el="361" ec="2" bec="0" bev="0" fileid="1" />
                <SequencePoint vc="2" upsid="362" ordinal="30" sl="362" sc="1" el="362" ec="2" bec="0" bev="0" fileid="1" />
                <SequencePoint vc="2" upsid="363" ordinal="31" sl="363" sc="1" el="363" ec="2" bec="0" bev="0" fileid="1" />
                <SequencePoint vc="2" upsid="364" ordinal="32" sl="364" sc="1" el="364" ec="2" bec="0" bev="0" fileid="1" />
                <SequencePoint vc="2" upsid="366" ordinal="33" sl="366" sc="1" el="366" ec="2" bec="0" bev="0" fileid="1" />
                <SequencePoint vc="2" upsid="367" ordinal="34" sl="367" sc="1" el="367" ec="2" bec="0" bev="0" fileid="1" />
                <SequencePoint vc="2" upsid="368" ordinal="35" sl="368" sc="1" el="368" ec="2" bec="0" bev="0" fileid="1" />
                <SequencePoint vc="4" upsid="371" ordinal="36" sl="371" sc="1" el="371" ec="2" bec="0" bev="0" fileid="1" />
                <SequencePoint vc="4" upsid="372" ordinal="37" sl="372" sc="1" el="372" ec="2" bec="0" bev="0" fileid="1" />
                <SequencePoint vc="28" upsid="375" ordinal="38" sl="375" sc="1" el="375" ec="2" bec="0" bev="0" fileid="1" />
                <SequencePoint vc="8" upsid="376" ordinal="39" sl="376" sc="1" el="376" ec="2" bec="0" bev="0" fileid="1" />
                <SequencePoint vc="8" upsid="377" ordinal="40" sl="377" sc="1" el="377" ec="2" bec="0" bev="0" fileid="1" />
                <SequencePoint vc="8" upsid="378" ordinal="41" sl="378" sc="1" el="378" ec="2" bec="0" bev="0" fileid="1" />
                <SequencePoint vc="4" upsid="382" ordinal="42" sl="382" sc="1" el="382" ec="2" bec="0" bev="0" fileid="1" />
                <SequencePoint vc="2" upsid="383" ordinal="43" sl="383" sc="1" el="383" ec="2" bec="0" bev="0" fileid="1" />
                <SequencePoint vc="2" upsid="384" ordinal="44" sl="384" sc="1" el="384" ec="2" bec="0" bev="0" fileid="1" />
                <SequencePoint vc="12" upsid="386" ordinal="45" sl="386" sc="1" el="386" ec="2" bec="0" bev="0" fileid="1" />
                <SequencePoint vc="4" upsid="387" ordinal="46" sl="387" sc="1" el="387" ec="2" bec="0" bev="0" fileid="1" />
                <SequencePoint vc="4" upsid="388" ordinal="47" sl="388" sc="1" el="388" ec="2" bec="0" bev="0" fileid="1" />
                <SequencePoint vc="4" upsid="389" ordinal="48" sl="389" sc="1" el="389" ec="2" bec="0" bev="0" fileid="1" />
                <SequencePoint vc="2" upsid="391" ordinal="49" sl="391" sc="1" el="391" ec="2" bec="0" bev="0" fileid="1" />
                <SequencePoint vc="2" upsid="392" ordinal="50" sl="392" sc="1" el="392" ec="2" bec="0" bev="0" fileid="1" />
                <SequencePoint vc="2" upsid="394" ordinal="51" sl="394" sc="1" el="394" ec="2" bec="0" bev="0" fileid="1" />
                <SequencePoint vc="2" upsid="395" ordinal="52" sl="395" sc="1" el="395" ec="2" bec="0" bev="0" fileid="1" />
                <SequencePoint vc="2" upsid="396" ordinal="53" sl="396" sc="1" el="396" ec="2" bec="0" bev="0" fileid="1" />
                <SequencePoint vc="4" upsid="397" ordinal="54" sl="397" sc="1" el="397" ec="2" bec="0" bev="0" fileid="1" />
                <SequencePoint vc="13" upsid="399" ordinal="55" sl="399" sc="1" el="399" ec="2" bec="0" bev="0" fileid="1" />
                <SequencePoint vc="13" upsid="402" ordinal="56" sl="402" sc="1" el="402" ec="2" bec="0" bev="0" fileid="1" />
                <SequencePoint vc="1" upsid="403" ordinal="57" sl="403" sc="1" el="403" ec="2" bec="0" bev="0" fileid="1" />
                <SequencePoint vc="1" upsid="404" ordinal="58" sl="404" sc="1" el="404" ec="2" bec="0" bev="0" fileid="1" />
                <SequencePoint vc="12" upsid="407" ordinal="59" sl="407" sc="1" el="407" ec="2" bec="0" bev="0" fileid="1" />
                <SequencePoint vc="11" upsid="408" ordinal="60" sl="408" sc="1" el="408" ec="2" bec="0" bev="0" fileid="1" />
                <SequencePoint vc="19" upsid="411" ordinal="61" sl="411" sc="1" el="411" ec="2" bec="0" bev="0" fileid="1" />
                <SequencePoint vc="19" upsid="412" ordinal="62" sl="412" sc="1" el="412" ec="2" bec="0" bev="0" fileid="1" />
                <SequencePoint vc="110" upsid="413" ordinal="63" sl="413" sc="1" el="413" ec="2" bec="0" bev="0" fileid="1" />
                <SequencePoint vc="19" upsid="415" ordinal="64" sl="415" sc="1" el="415" ec="2" bec="0" bev="0" fileid="1" />
                <SequencePoint vc="18" upsid="419" ordinal="65" sl="419" sc="1" el="419" ec="2" bec="0" bev="0" fileid="1" />
                <SequencePoint vc="11" upsid="420" ordinal="66" sl="420" sc="1" el="420" ec="2" bec="0" bev="0" fileid="1" />
                <SequencePoint vc="11" upsid="421" ordinal="67" sl="421" sc="1" el="421" ec="2" bec="0" bev="0" fileid="1" />
                <SequencePoint vc="9" upsid="422" ordinal="68" sl="422" sc="1" el="422" ec="2" bec="0" bev="0" fileid="1" />
                <SequencePoint vc="9" upsid="423" ordinal="69" sl="423" sc="1" el="423" ec="2" bec="0" bev="0" fileid="1" />
                <SequencePoint vc="9" upsid="424" ordinal="70" sl="424" sc="1" el="424" ec="2" bec="0" bev="0" fileid="1" />
                <SequencePoint vc="2" upsid="426" ordinal="71" sl="426" sc="1" el="426" ec="2" bec="0" bev="0" fileid="1" />
                <SequencePoint vc="2" upsid="427" ordinal="72" sl="427" sc="1" el="427" ec="2" bec="0" bev="0" fileid="1" />
                <SequencePoint vc="2" upsid="428" ordinal="73" sl="428" sc="1" el="428" ec="2" bec="0" bev="0" fileid="1" />
                <SequencePoint vc="11" upsid="429" ordinal="74" sl="429" sc="1" el="429" ec="2" bec="0" bev="0" fileid="1" />
                <SequencePoint vc="18" upsid="430" ordinal="75" sl="430" sc="1" el="430" ec="2" bec="0" bev="0" fileid="1" />
              </SequencePoints>
              <BranchPoints>
                <BranchPoint vc="112" upsid="314" ordinal="27" path="1" offset="680" offsetend="33" sl="314" fileid="1" />
                <BranchPoint vc="21" upsid="317" ordinal="0" path="0" offset="58" offsetend="63" sl="317" fileid="1" />
                <BranchPoint vc="3" upsid="326" ordinal="2" path="0" offset="108" offsetend="110" sl="326" fileid="1" />
                <BranchPoint vc="18" upsid="326" ordinal="3" path="1" offset="108" offsetend="139" sl="326" fileid="1" />
                <BranchPoint vc="4" upsid="332" ordinal="4" path="0" offset="163" offsetend="165" sl="332" fileid="1" />
                <BranchPoint vc="2" upsid="339" ordinal="6" path="0" offset="195" offsetend="197" sl="339" fileid="1" />
                <BranchPoint vc="4" upsid="339" ordinal="7" path="1" offset="195" offsetend="264" sl="339" fileid="1" />
                <BranchPoint vc="17" upsid="332" ordinal="5" path="1" offset="163" offsetend="270" sl="332" fileid="1" />
                <BranchPoint vc="15" upsid="345" ordinal="8" path="0" offset="277" offsetend="279" sl="345" fileid="1" />
                <BranchPoint vc="2" upsid="345" ordinal="10" path="0" offset="286" offsetend="288" sl="345" fileid="1" />
                <BranchPoint vc="13" upsid="345" ordinal="11" path="1" offset="286" offsetend="312" sl="345" fileid="1" />
                <BranchPoint vc="2" upsid="345" ordinal="9" path="1" offset="277" offsetend="315" sl="345" fileid="1" />
                <BranchPoint vc="4" upsid="345" ordinal="12" path="0" offset="320" offsetend="325" sl="345" fileid="1" />
                <BranchPoint vc="2" upsid="349" ordinal="14" path="0" offset="332" offsetend="334" sl="349" fileid="1" />
                <BranchPoint vc="2" upsid="349" ordinal="15" path="1" offset="332" offsetend="342" sl="349" fileid="1" />
                <BranchPoint vc="2" upsid="361" ordinal="16" path="0" offset="373" offsetend="375" sl="361" fileid="1" />
                <BranchPoint vc="2" upsid="361" ordinal="17" path="1" offset="373" offsetend="388" sl="361" fileid="1" />
                <BranchPoint vc="8" upsid="375" ordinal="19" path="1" offset="496" offsetend="460" sl="375" fileid="1" />
                <BranchPoint vc="4" upsid="375" ordinal="18" path="0" offset="496" offsetend="498" sl="375" fileid="1" />
                <BranchPoint vc="2" upsid="382" ordinal="20" path="0" offset="526" offsetend="528" sl="382" fileid="1" />
                <BranchPoint vc="4" upsid="386" ordinal="23" path="1" offset="597" offsetend="555" sl="386" fileid="1" />
                <BranchPoint vc="2" upsid="386" ordinal="22" path="0" offset="597" offsetend="599" sl="386" fileid="1" />
                <BranchPoint vc="2" upsid="382" ordinal="21" path="1" offset="526" offsetend="606" sl="382" fileid="1" />
                <BranchPoint vc="13" upsid="345" ordinal="13" path="1" offset="320" offsetend="615" sl="345" fileid="1" />
                <BranchPoint vc="1" upsid="402" ordinal="24" path="0" offset="622" offsetend="624" sl="402" fileid="1" />
                <BranchPoint vc="12" upsid="402" ordinal="25" path="1" offset="622" offsetend="647" sl="402" fileid="1" />
                <BranchPoint vc="110" upsid="317" ordinal="1" path="1" offset="58" offsetend="672" sl="317" fileid="1" />
                <BranchPoint vc="19" upsid="314" ordinal="26" path="0" offset="680" offsetend="685" sl="314" fileid="1" />
                <BranchPoint vc="11" upsid="419" ordinal="28" path="0" offset="720" offsetend="722" sl="419" fileid="1" />
                <BranchPoint vc="9" upsid="421" ordinal="30" path="0" offset="748" offsetend="750" sl="421" fileid="1" />
                <BranchPoint vc="2" upsid="421" ordinal="31" path="1" offset="748" offsetend="768" sl="421" fileid="1" />
                <BranchPoint vc="18" upsid="419" ordinal="29" path="1" offset="720" offsetend="790" sl="419" fileid="1" />
              </BranchPoints>
              <MethodPoint vc="76" upsid="0" p8:type="SequencePoint" ordinal="8" offset="8" sc="0" sl="308" ec="1" el="430" bec="0" bev="0" fileid="1" xmlns:p8="xsi" />
            </Method>
            <Method cyclomaticComplexity="1" nPathComplexity="0" sequenceCoverage="1" branchCoverage="0" isConstructor="False" isGetter="False" isSetter="False" isStatic="True">
              <Summary numSequencePoints="9" visitedSequencePoints="9" numBranchPoints="0" visitedBranchPoints="0" sequenceCoverage="1" branchCoverage="0" maxCyclomaticComplexity="1" minCyclomaticComplexity="1" visitedClasses="0" numClasses="0" visitedMethods="1" numMethods="1" />
              <MetadataToken />
              <Name>System.Object Utility.CommandLine.Arguments::ChangeType(System.Object,System.String,System.Type)</Name>
              <FileRef uid="1" />
              <SequencePoints>
                <SequencePoint vc="20" upsid="440" ordinal="0" sl="440" sc="1" el="440" ec="2" bec="0" bev="0" fileid="1" />
                <SequencePoint vc="20" upsid="442" ordinal="1" sl="442" sc="1" el="442" ec="2" bec="0" bev="0" fileid="1" />
                <SequencePoint vc="20" upsid="443" ordinal="2" sl="443" sc="1" el="443" ec="2" bec="0" bev="0" fileid="1" />
                <SequencePoint vc="1" upsid="445" ordinal="3" sl="445" sc="1" el="445" ec="2" bec="0" bev="0" fileid="1" />
                <SequencePoint vc="1" upsid="446" ordinal="4" sl="446" sc="1" el="446" ec="2" bec="0" bev="0" fileid="1" />
                <SequencePoint vc="1" upsid="448" ordinal="5" sl="448" sc="1" el="448" ec="2" bec="0" bev="0" fileid="1" />
                <SequencePoint vc="1" upsid="449" ordinal="6" sl="449" sc="1" el="449" ec="2" bec="0" bev="0" fileid="1" />
                <SequencePoint vc="1" upsid="451" ordinal="7" sl="451" sc="1" el="451" ec="2" bec="0" bev="0" fileid="1" />
                <SequencePoint vc="19" upsid="453" ordinal="8" sl="453" sc="1" el="453" ec="2" bec="0" bev="0" fileid="1" />
              </SequencePoints>
              <BranchPoints />
              <MethodPoint vc="9" upsid="0" p8:type="SequencePoint" ordinal="9" offset="9" sc="0" sl="440" ec="1" el="453" bec="0" bev="0" fileid="1" xmlns:p8="xsi" />
            </Method>
            <Method cyclomaticComplexity="2" nPathComplexity="0" sequenceCoverage="1" branchCoverage="1" isConstructor="False" isGetter="False" isSetter="False" isStatic="True">
              <Summary numSequencePoints="6" visitedSequencePoints="6" numBranchPoints="2" visitedBranchPoints="2" sequenceCoverage="1" branchCoverage="1" maxCyclomaticComplexity="2" minCyclomaticComplexity="2" visitedClasses="0" numClasses="0" visitedMethods="1" numMethods="1" />
              <MetadataToken />
              <Name>System.Void Utility.CommandLine.Arguments::ClearProperties(System.Collections.Generic.Dictionary`2&lt;System.String,System.Reflection.PropertyInfo&gt;)</Name>
              <FileRef uid="1" />
              <SequencePoints>
                <SequencePoint vc="21" upsid="460" ordinal="0" sl="460" sc="1" el="460" ec="2" bec="0" bev="0" fileid="1" />
                <SequencePoint vc="311" upsid="461" ordinal="1" sl="461" sc="1" el="461" ec="2" bec="0" bev="0" fileid="1" />
                <SequencePoint vc="124" upsid="462" ordinal="2" sl="462" sc="1" el="462" ec="2" bec="0" bev="0" fileid="1" />
                <SequencePoint vc="124" upsid="463" ordinal="3" sl="463" sc="1" el="463" ec="2" bec="0" bev="0" fileid="1" />
                <SequencePoint vc="124" upsid="464" ordinal="4" sl="464" sc="1" el="464" ec="2" bec="0" bev="0" fileid="1" />
                <SequencePoint vc="21" upsid="465" ordinal="5" sl="465" sc="1" el="465" ec="2" bec="0" bev="0" fileid="1" />
              </SequencePoints>
              <BranchPoints>
                <BranchPoint vc="124" upsid="461" ordinal="1" path="1" offset="48" offsetend="16" sl="461" fileid="1" />
                <BranchPoint vc="21" upsid="461" ordinal="0" path="0" offset="48" offsetend="50" sl="461" fileid="1" />
              </BranchPoints>
              <MethodPoint vc="6" upsid="0" p8:type="SequencePoint" ordinal="10" offset="10" sc="0" sl="460" ec="1" el="465" bec="0" bev="0" fileid="1" xmlns:p8="xsi" />
            </Method>
            <Method cyclomaticComplexity="12" nPathComplexity="0" sequenceCoverage="1" branchCoverage="0.917" isConstructor="False" isGetter="False" isSetter="False" isStatic="True">
              <Summary numSequencePoints="25" visitedSequencePoints="25" numBranchPoints="12" visitedBranchPoints="11" sequenceCoverage="1" branchCoverage="0.917" maxCyclomaticComplexity="12" minCyclomaticComplexity="12" visitedClasses="0" numClasses="0" visitedMethods="1" numMethods="1" />
              <MetadataToken />
              <Name>System.Collections.Generic.Dictionary`2&lt;System.String,System.Object&gt; Utility.CommandLine.Arguments::GetArgumentDictionary(System.String)</Name>
              <FileRef uid="1" />
              <SequencePoints>
                <SequencePoint vc="45" upsid="477" ordinal="0" sl="477" sc="1" el="477" ec="2" bec="0" bev="0" fileid="1" />
                <SequencePoint vc="45" upsid="478" ordinal="1" sl="478" sc="1" el="478" ec="2" bec="0" bev="0" fileid="1" />
                <SequencePoint vc="343" upsid="480" ordinal="2" sl="480" sc="1" el="480" ec="2" bec="0" bev="0" fileid="1" />
                <SequencePoint vc="104" upsid="481" ordinal="3" sl="481" sc="1" el="481" ec="2" bec="0" bev="0" fileid="1" />
                <SequencePoint vc="104" upsid="483" ordinal="4" sl="483" sc="1" el="483" ec="2" bec="0" bev="0" fileid="1" />
                <SequencePoint vc="26" upsid="484" ordinal="5" sl="484" sc="1" el="484" ec="2" bec="0" bev="0" fileid="1" />
                <SequencePoint vc="26" upsid="485" ordinal="6" sl="485" sc="1" el="485" ec="2" bec="0" bev="0" fileid="1" />
                <SequencePoint vc="78" upsid="488" ordinal="7" sl="488" sc="1" el="488" ec="2" bec="0" bev="0" fileid="1" />
                <SequencePoint vc="78" upsid="489" ordinal="8" sl="489" sc="1" el="489" ec="2" bec="0" bev="0" fileid="1" />
                <SequencePoint vc="78" upsid="490" ordinal="9" sl="490" sc="1" el="490" ec="2" bec="0" bev="0" fileid="1" />
                <SequencePoint vc="78" upsid="492" ordinal="10" sl="492" sc="1" el="492" ec="2" bec="0" bev="0" fileid="1" />
                <SequencePoint vc="78" upsid="496" ordinal="11" sl="496" sc="1" el="496" ec="2" bec="0" bev="0" fileid="1" />
                <SequencePoint vc="18" upsid="497" ordinal="12" sl="497" sc="1" el="497" ec="2" bec="0" bev="0" fileid="1" />
                <SequencePoint vc="18" upsid="498" ordinal="13" sl="498" sc="1" el="498" ec="2" bec="0" bev="0" fileid="1" />
                <SequencePoint vc="84" upsid="501" ordinal="14" sl="501" sc="1" el="501" ec="2" bec="0" bev="0" fileid="1" />
                <SequencePoint vc="24" upsid="502" ordinal="15" sl="502" sc="1" el="502" ec="2" bec="0" bev="0" fileid="1" />
                <SequencePoint vc="24" upsid="503" ordinal="16" sl="503" sc="1" el="503" ec="2" bec="0" bev="0" fileid="1" />
                <SequencePoint vc="24" upsid="504" ordinal="17" sl="504" sc="1" el="504" ec="2" bec="0" bev="0" fileid="1" />
                <SequencePoint vc="18" upsid="505" ordinal="18" sl="505" sc="1" el="505" ec="2" bec="0" bev="0" fileid="1" />
                <SequencePoint vc="60" upsid="507" ordinal="19" sl="507" sc="1" el="507" ec="2" bec="0" bev="0" fileid="1" />
                <SequencePoint vc="60" upsid="509" ordinal="20" sl="509" sc="1" el="509" ec="2" bec="0" bev="0" fileid="1" />
                <SequencePoint vc="60" upsid="510" ordinal="21" sl="510" sc="1" el="510" ec="2" bec="0" bev="0" fileid="1" />
                <SequencePoint vc="78" upsid="511" ordinal="22" sl="511" sc="1" el="511" ec="2" bec="0" bev="0" fileid="1" />
                <SequencePoint vc="45" upsid="513" ordinal="23" sl="513" sc="1" el="513" ec="2" bec="0" bev="0" fileid="1" />
                <SequencePoint vc="45" upsid="514" ordinal="24" sl="514" sc="1" el="514" ec="2" bec="0" bev="0" fileid="1" />
              </SequencePoints>
              <BranchPoints>
                <BranchPoint vc="104" upsid="480" ordinal="11" path="1" offset="286" offsetend="30" sl="480" fileid="1" />
                <BranchPoint vc="104" upsid="483" ordinal="0" path="0" offset="60" offsetend="62" sl="483" fileid="1" />
                <BranchPoint vc="0" upsid="483" ordinal="1" path="1" offset="60" offsetend="91" sl="483" fileid="1" />
                <BranchPoint vc="26" upsid="483" ordinal="2" path="0" offset="96" offsetend="98" sl="483" fileid="1" />
                <BranchPoint vc="78" upsid="483" ordinal="3" path="1" offset="96" offsetend="104" sl="483" fileid="1" />
                <BranchPoint vc="18" upsid="496" ordinal="4" path="0" offset="184" offsetend="186" sl="496" fileid="1" />
                <BranchPoint vc="24" upsid="501" ordinal="9" path="1" offset="261" offsetend="201" sl="501" fileid="1" />
                <BranchPoint vc="6" upsid="503" ordinal="6" path="0" offset="225" offsetend="227" sl="503" fileid="1" />
                <BranchPoint vc="18" upsid="503" ordinal="7" path="1" offset="225" offsetend="234" sl="503" fileid="1" />
                <BranchPoint vc="18" upsid="501" ordinal="8" path="0" offset="261" offsetend="263" sl="501" fileid="1" />
                <BranchPoint vc="60" upsid="496" ordinal="5" path="1" offset="184" offsetend="266" sl="496" fileid="1" />
                <BranchPoint vc="45" upsid="480" ordinal="10" path="0" offset="286" offsetend="291" sl="480" fileid="1" />
              </BranchPoints>
              <MethodPoint vc="25" upsid="0" p8:type="SequencePoint" ordinal="11" offset="11" sc="0" sl="477" ec="1" el="514" bec="0" bev="0" fileid="1" xmlns:p8="xsi" />
            </Method>
            <Method cyclomaticComplexity="10" nPathComplexity="0" sequenceCoverage="1" branchCoverage="1" isConstructor="False" isGetter="False" isSetter="False" isStatic="True">
              <Summary numSequencePoints="18" visitedSequencePoints="18" numBranchPoints="10" visitedBranchPoints="10" sequenceCoverage="1" branchCoverage="1" maxCyclomaticComplexity="10" minCyclomaticComplexity="10" visitedClasses="0" numClasses="0" visitedMethods="1" numMethods="1" />
              <MetadataToken />
              <Name>System.Collections.Generic.Dictionary`2&lt;System.String,System.Reflection.PropertyInfo&gt; Utility.CommandLine.Arguments::GetArgumentProperties(System.Type)</Name>
              <FileRef uid="1" />
              <SequencePoints>
                <SequencePoint vc="23" upsid="526" ordinal="0" sl="526" sc="1" el="526" ec="2" bec="0" bev="0" fileid="1" />
                <SequencePoint vc="23" upsid="527" ordinal="1" sl="527" sc="1" el="527" ec="2" bec="0" bev="0" fileid="1" />
                <SequencePoint vc="295" upsid="529" ordinal="2" sl="529" sc="1" el="529" ec="2" bec="0" bev="0" fileid="1" />
                <SequencePoint vc="113" upsid="530" ordinal="3" sl="530" sc="1" el="530" ec="2" bec="0" bev="0" fileid="1" />
                <SequencePoint vc="215" upsid="532" ordinal="4" sl="532" sc="1" el="532" ec="2" bec="0" bev="0" fileid="1" />
                <SequencePoint vc="113" upsid="535" ordinal="5" sl="535" sc="1" el="535" ec="2" bec="0" bev="0" fileid="1" />
                <SequencePoint vc="75" upsid="536" ordinal="6" sl="536" sc="1" el="536" ec="2" bec="0" bev="0" fileid="1" />
                <SequencePoint vc="75" upsid="537" ordinal="7" sl="537" sc="1" el="537" ec="2" bec="0" bev="0" fileid="1" />
                <SequencePoint vc="75" upsid="538" ordinal="8" sl="538" sc="1" el="538" ec="2" bec="0" bev="0" fileid="1" />
                <SequencePoint vc="75" upsid="540" ordinal="9" sl="540" sc="1" el="540" ec="2" bec="0" bev="0" fileid="1" />
                <SequencePoint vc="74" upsid="541" ordinal="10" sl="541" sc="1" el="541" ec="2" bec="0" bev="0" fileid="1" />
                <SequencePoint vc="74" upsid="542" ordinal="11" sl="542" sc="1" el="542" ec="2" bec="0" bev="0" fileid="1" />
                <SequencePoint vc="74" upsid="543" ordinal="12" sl="543" sc="1" el="543" ec="2" bec="0" bev="0" fileid="1" />
                <SequencePoint vc="74" upsid="544" ordinal="13" sl="544" sc="1" el="544" ec="2" bec="0" bev="0" fileid="1" />
                <SequencePoint vc="75" upsid="545" ordinal="14" sl="545" sc="1" el="545" ec="2" bec="0" bev="0" fileid="1" />
                <SequencePoint vc="113" upsid="546" ordinal="15" sl="546" sc="1" el="546" ec="2" bec="0" bev="0" fileid="1" />
                <SequencePoint vc="23" upsid="548" ordinal="16" sl="548" sc="1" el="548" ec="2" bec="0" bev="0" fileid="1" />
                <SequencePoint vc="23" upsid="549" ordinal="17" sl="549" sc="1" el="549" ec="2" bec="0" bev="0" fileid="1" />
              </SequencePoints>
              <BranchPoints>
                <BranchPoint vc="113" upsid="529" ordinal="9" path="1" offset="220" offsetend="24" sl="529" fileid="1" />
                <BranchPoint vc="1" upsid="532" ordinal="0" path="0" offset="41" offsetend="43" sl="532" fileid="1" />
                <BranchPoint vc="113" upsid="532" ordinal="1" path="1" offset="41" offsetend="66" sl="532" fileid="1" />
                <BranchPoint vc="75" upsid="535" ordinal="2" path="0" offset="87" offsetend="89" sl="535" fileid="1" />
                <BranchPoint vc="74" upsid="540" ordinal="4" path="0" offset="161" offsetend="163" sl="540" fileid="1" />
                <BranchPoint vc="1" upsid="540" ordinal="5" path="1" offset="161" offsetend="176" sl="540" fileid="1" />
                <BranchPoint vc="74" upsid="540" ordinal="6" path="0" offset="181" offsetend="183" sl="540" fileid="1" />
                <BranchPoint vc="75" upsid="540" ordinal="7" path="1" offset="181" offsetend="210" sl="540" fileid="1" />
                <BranchPoint vc="113" upsid="535" ordinal="3" path="1" offset="87" offsetend="211" sl="535" fileid="1" />
                <BranchPoint vc="23" upsid="529" ordinal="8" path="0" offset="220" offsetend="225" sl="529" fileid="1" />
              </BranchPoints>
              <MethodPoint vc="18" upsid="0" p8:type="SequencePoint" ordinal="12" offset="12" sc="0" sl="526" ec="1" el="549" bec="0" bev="0" fileid="1" xmlns:p8="xsi" />
            </Method>
            <Method cyclomaticComplexity="6" nPathComplexity="0" sequenceCoverage="1" branchCoverage="0.833" isConstructor="False" isGetter="False" isSetter="False" isStatic="True">
              <Summary numSequencePoints="13" visitedSequencePoints="13" numBranchPoints="6" visitedBranchPoints="5" sequenceCoverage="1" branchCoverage="0.833" maxCyclomaticComplexity="6" minCyclomaticComplexity="6" visitedClasses="0" numClasses="0" visitedMethods="1" numMethods="1" />
              <MetadataToken />
              <Name>System.Collections.Generic.List`1&lt;System.String&gt; Utility.CommandLine.Arguments::GetOperandList(System.String)</Name>
              <FileRef uid="1" />
              <SequencePoints>
                <SequencePoint vc="47" upsid="560" ordinal="0" sl="560" sc="1" el="560" ec="2" bec="0" bev="0" fileid="1" />
                <SequencePoint vc="47" upsid="561" ordinal="1" sl="561" sc="1" el="561" ec="2" bec="0" bev="0" fileid="1" />
                <SequencePoint vc="355" upsid="563" ordinal="2" sl="563" sc="1" el="563" ec="2" bec="0" bev="0" fileid="1" />
                <SequencePoint vc="107" upsid="564" ordinal="3" sl="564" sc="1" el="564" ec="2" bec="0" bev="0" fileid="1" />
                <SequencePoint vc="107" upsid="566" ordinal="4" sl="566" sc="1" el="566" ec="2" bec="0" bev="0" fileid="1" />
                <SequencePoint vc="78" upsid="567" ordinal="5" sl="567" sc="1" el="567" ec="2" bec="0" bev="0" fileid="1" />
                <SequencePoint vc="78" upsid="568" ordinal="6" sl="568" sc="1" el="568" ec="2" bec="0" bev="0" fileid="1" />
                <SequencePoint vc="29" upsid="571" ordinal="7" sl="571" sc="1" el="571" ec="2" bec="0" bev="0" fileid="1" />
                <SequencePoint vc="29" upsid="572" ordinal="8" sl="572" sc="1" el="572" ec="2" bec="0" bev="0" fileid="1" />
                <SequencePoint vc="29" upsid="574" ordinal="9" sl="574" sc="1" el="574" ec="2" bec="0" bev="0" fileid="1" />
                <SequencePoint vc="29" upsid="575" ordinal="10" sl="575" sc="1" el="575" ec="2" bec="0" bev="0" fileid="1" />
                <SequencePoint vc="47" upsid="577" ordinal="11" sl="577" sc="1" el="577" ec="2" bec="0" bev="0" fileid="1" />
                <SequencePoint vc="47" upsid="578" ordinal="12" sl="578" sc="1" el="578" ec="2" bec="0" bev="0" fileid="1" />
              </SequencePoints>
              <BranchPoints>
                <BranchPoint vc="107" upsid="563" ordinal="5" path="1" offset="156" offsetend="27" sl="563" fileid="1" />
                <BranchPoint vc="107" upsid="566" ordinal="0" path="0" offset="57" offsetend="59" sl="566" fileid="1" />
                <BranchPoint vc="0" upsid="566" ordinal="1" path="1" offset="57" offsetend="88" sl="566" fileid="1" />
                <BranchPoint vc="78" upsid="566" ordinal="2" path="0" offset="93" offsetend="95" sl="566" fileid="1" />
                <BranchPoint vc="29" upsid="566" ordinal="3" path="1" offset="93" offsetend="98" sl="566" fileid="1" />
                <BranchPoint vc="47" upsid="563" ordinal="4" path="0" offset="156" offsetend="161" sl="563" fileid="1" />
              </BranchPoints>
              <MethodPoint vc="13" upsid="0" p8:type="SequencePoint" ordinal="13" offset="13" sc="0" sl="560" ec="1" el="578" bec="0" bev="0" fileid="1" xmlns:p8="xsi" />
            </Method>
            <Method cyclomaticComplexity="2" nPathComplexity="0" sequenceCoverage="1" branchCoverage="1" isConstructor="False" isGetter="False" isSetter="False" isStatic="True">
              <Summary numSequencePoints="8" visitedSequencePoints="8" numBranchPoints="2" visitedBranchPoints="2" sequenceCoverage="1" branchCoverage="1" maxCyclomaticComplexity="2" minCyclomaticComplexity="2" visitedClasses="0" numClasses="0" visitedMethods="1" numMethods="1" />
              <MetadataToken />
              <Name>System.Collections.Generic.List`1&lt;System.String&gt; Utility.CommandLine.Arguments::GetOperandListStrict(System.String)</Name>
              <FileRef uid="1" />
              <SequencePoints>
                <SequencePoint vc="3" upsid="591" ordinal="0" sl="591" sc="1" el="591" ec="2" bec="0" bev="0" fileid="1" />
                <SequencePoint vc="3" upsid="592" ordinal="1" sl="592" sc="1" el="592" ec="2" bec="0" bev="0" fileid="1" />
                <SequencePoint vc="31" upsid="594" ordinal="2" sl="594" sc="1" el="594" ec="2" bec="0" bev="0" fileid="1" />
                <SequencePoint vc="11" upsid="595" ordinal="3" sl="595" sc="1" el="595" ec="2" bec="0" bev="0" fileid="1" />
                <SequencePoint vc="11" upsid="596" ordinal="4" sl="596" sc="1" el="596" ec="2" bec="0" bev="0" fileid="1" />
                <SequencePoint vc="11" upsid="597" ordinal="5" sl="597" sc="1" el="597" ec="2" bec="0" bev="0" fileid="1" />
                <SequencePoint vc="3" upsid="599" ordinal="6" sl="599" sc="1" el="599" ec="2" bec="0" bev="0" fileid="1" />
                <SequencePoint vc="3" upsid="600" ordinal="7" sl="600" sc="1" el="600" ec="2" bec="0" bev="0" fileid="1" />
              </SequencePoints>
              <BranchPoints>
                <BranchPoint vc="11" upsid="594" ordinal="1" path="1" offset="71" offsetend="27" sl="594" fileid="1" />
                <BranchPoint vc="3" upsid="594" ordinal="0" path="0" offset="71" offsetend="73" sl="594" fileid="1" />
              </BranchPoints>
              <MethodPoint vc="8" upsid="0" p8:type="SequencePoint" ordinal="14" offset="14" sc="0" sl="591" ec="1" el="600" bec="0" bev="0" fileid="1" xmlns:p8="xsi" />
            </Method>
            <Method cyclomaticComplexity="8" nPathComplexity="0" sequenceCoverage="1" branchCoverage="1" isConstructor="False" isGetter="False" isSetter="False" isStatic="True">
              <Summary numSequencePoints="10" visitedSequencePoints="10" numBranchPoints="8" visitedBranchPoints="8" sequenceCoverage="1" branchCoverage="1" maxCyclomaticComplexity="8" minCyclomaticComplexity="8" visitedClasses="0" numClasses="0" visitedMethods="1" numMethods="1" />
              <MetadataToken />
              <Name>System.Reflection.PropertyInfo Utility.CommandLine.Arguments::GetOperandsProperty(System.Type)</Name>
              <FileRef uid="1" />
              <SequencePoints>
                <SequencePoint vc="19" upsid="613" ordinal="0" sl="613" sc="1" el="613" ec="2" bec="0" bev="0" fileid="1" />
                <SequencePoint vc="19" upsid="614" ordinal="1" sl="614" sc="1" el="614" ec="2" bec="0" bev="0" fileid="1" />
                <SequencePoint vc="74" upsid="615" ordinal="2" sl="615" sc="1" el="615" ec="2" bec="0" bev="0" fileid="1" />
                <SequencePoint vc="122" upsid="616" ordinal="3" sl="616" sc="1" el="616" ec="2" bec="0" bev="0" fileid="1" />
                <SequencePoint vc="19" upsid="617" ordinal="4" sl="617" sc="1" el="617" ec="2" bec="0" bev="0" fileid="1" />
                <SequencePoint vc="19" upsid="619" ordinal="5" sl="619" sc="1" el="619" ec="2" bec="0" bev="0" fileid="1" />
                <SequencePoint vc="1" upsid="620" ordinal="6" sl="620" sc="1" el="620" ec="2" bec="0" bev="0" fileid="1" />
                <SequencePoint vc="1" upsid="621" ordinal="7" sl="621" sc="1" el="621" ec="2" bec="0" bev="0" fileid="1" />
                <SequencePoint vc="18" upsid="624" ordinal="8" sl="624" sc="1" el="624" ec="2" bec="0" bev="0" fileid="1" />
                <SequencePoint vc="18" upsid="625" ordinal="9" sl="625" sc="1" el="625" ec="2" bec="0" bev="0" fileid="1" />
              </SequencePoints>
              <BranchPoints>
                <BranchPoint vc="1" upsid="614" ordinal="0" path="0" offset="15" offsetend="17" sl="614" fileid="1" />
                <BranchPoint vc="19" upsid="614" ordinal="1" path="1" offset="15" offsetend="40" sl="614" fileid="1" />
                <BranchPoint vc="12" upsid="619" ordinal="2" path="0" offset="58" offsetend="60" sl="619" fileid="1" />
                <BranchPoint vc="10" upsid="619" ordinal="4" path="0" offset="81" offsetend="83" sl="619" fileid="1" />
                <BranchPoint vc="9" upsid="619" ordinal="3" path="1" offset="58" offsetend="106" sl="619" fileid="1" />
                <BranchPoint vc="9" upsid="619" ordinal="5" path="1" offset="81" offsetend="106" sl="619" fileid="1" />
                <BranchPoint vc="1" upsid="619" ordinal="6" path="0" offset="109" offsetend="111" sl="619" fileid="1" />
                <BranchPoint vc="18" upsid="619" ordinal="7" path="1" offset="109" offsetend="123" sl="619" fileid="1" />
              </BranchPoints>
              <MethodPoint vc="10" upsid="0" p8:type="SequencePoint" ordinal="15" offset="15" sc="0" sl="613" ec="1" el="625" bec="0" bev="0" fileid="1" xmlns:p8="xsi" />
            </Method>
            <Method cyclomaticComplexity="8" nPathComplexity="0" sequenceCoverage="1" branchCoverage="1" isConstructor="False" isGetter="False" isSetter="False" isStatic="True">
              <Summary numSequencePoints="11" visitedSequencePoints="11" numBranchPoints="8" visitedBranchPoints="8" sequenceCoverage="1" branchCoverage="1" maxCyclomaticComplexity="8" minCyclomaticComplexity="8" visitedClasses="0" numClasses="0" visitedMethods="1" numMethods="1" />
              <MetadataToken />
              <Name>System.String Utility.CommandLine.Arguments::TrimOuterQuotes(System.String)</Name>
              <FileRef uid="1" />
              <SequencePoints>
                <SequencePoint vc="107" upsid="633" ordinal="0" sl="633" sc="1" el="633" ec="2" bec="0" bev="0" fileid="1" />
                <SequencePoint vc="107" upsid="634" ordinal="1" sl="634" sc="1" el="634" ec="2" bec="0" bev="0" fileid="1" />
                <SequencePoint vc="5" upsid="635" ordinal="2" sl="635" sc="1" el="635" ec="2" bec="0" bev="0" fileid="1" />
                <SequencePoint vc="5" upsid="636" ordinal="3" sl="636" sc="1" el="636" ec="2" bec="0" bev="0" fileid="1" />
                <SequencePoint vc="5" upsid="637" ordinal="4" sl="637" sc="1" el="637" ec="2" bec="0" bev="0" fileid="1" />
                <SequencePoint vc="102" upsid="638" ordinal="5" sl="638" sc="1" el="638" ec="2" bec="0" bev="0" fileid="1" />
                <SequencePoint vc="7" upsid="639" ordinal="6" sl="639" sc="1" el="639" ec="2" bec="0" bev="0" fileid="1" />
                <SequencePoint vc="7" upsid="640" ordinal="7" sl="640" sc="1" el="640" ec="2" bec="0" bev="0" fileid="1" />
                <SequencePoint vc="7" upsid="641" ordinal="8" sl="641" sc="1" el="641" ec="2" bec="0" bev="0" fileid="1" />
                <SequencePoint vc="107" upsid="643" ordinal="9" sl="643" sc="1" el="643" ec="2" bec="0" bev="0" fileid="1" />
                <SequencePoint vc="107" upsid="644" ordinal="10" sl="644" sc="1" el="644" ec="2" bec="0" bev="0" fileid="1" />
              </SequencePoints>
              <BranchPoints>
                <BranchPoint vc="5" upsid="634" ordinal="0" path="0" offset="12" offsetend="14" sl="634" fileid="1" />
                <BranchPoint vc="102" upsid="634" ordinal="1" path="1" offset="12" offsetend="27" sl="634" fileid="1" />
                <BranchPoint vc="5" upsid="634" ordinal="2" path="0" offset="30" offsetend="32" sl="634" fileid="1" />
                <BranchPoint vc="102" upsid="634" ordinal="3" path="1" offset="30" offsetend="55" sl="634" fileid="1" />
                <BranchPoint vc="7" upsid="638" ordinal="4" path="0" offset="66" offsetend="68" sl="638" fileid="1" />
                <BranchPoint vc="95" upsid="638" ordinal="5" path="1" offset="66" offsetend="81" sl="638" fileid="1" />
                <BranchPoint vc="7" upsid="638" ordinal="6" path="0" offset="84" offsetend="86" sl="638" fileid="1" />
                <BranchPoint vc="107" upsid="638" ordinal="7" path="1" offset="84" offsetend="107" sl="638" fileid="1" />
              </BranchPoints>
              <MethodPoint vc="11" upsid="0" p8:type="SequencePoint" ordinal="16" offset="16" sc="0" sl="633" ec="1" el="644" bec="0" bev="0" fileid="1" xmlns:p8="xsi" />
            </Method>
            <Method cyclomaticComplexity="1" nPathComplexity="0" sequenceCoverage="1" branchCoverage="0" isConstructor="True" isGetter="False" isSetter="False" isStatic="True">
              <Summary numSequencePoints="6" visitedSequencePoints="6" numBranchPoints="0" visitedBranchPoints="0" sequenceCoverage="1" branchCoverage="0" maxCyclomaticComplexity="1" minCyclomaticComplexity="1" visitedClasses="0" numClasses="0" visitedMethods="1" numMethods="1" />
              <MetadataToken />
              <Name>System.Void Utility.CommandLine.Arguments::.ctor(System.String,System.Collections.Generic.Dictionary`2&lt;System.String,System.Object&gt;,System.Collections.Generic.List`1&lt;System.String&gt;)</Name>
              <FileRef uid="1" />
              <SequencePoints>
                <SequencePoint vc="45" upsid="159" ordinal="0" sl="159" sc="1" el="159" ec="2" bec="0" bev="0" fileid="1" />
                <SequencePoint vc="45" upsid="160" ordinal="1" sl="160" sc="1" el="160" ec="2" bec="0" bev="0" fileid="1" />
                <SequencePoint vc="45" upsid="161" ordinal="2" sl="161" sc="1" el="161" ec="2" bec="0" bev="0" fileid="1" />
                <SequencePoint vc="45" upsid="162" ordinal="3" sl="162" sc="1" el="162" ec="2" bec="0" bev="0" fileid="1" />
                <SequencePoint vc="45" upsid="163" ordinal="4" sl="163" sc="1" el="163" ec="2" bec="0" bev="0" fileid="1" />
                <SequencePoint vc="45" upsid="164" ordinal="5" sl="164" sc="1" el="164" ec="2" bec="0" bev="0" fileid="1" />
              </SequencePoints>
              <BranchPoints />
              <MethodPoint vc="6" upsid="0" p8:type="SequencePoint" ordinal="17" offset="17" sc="0" sl="159" ec="1" el="164" bec="0" bev="0" fileid="1" xmlns:p8="xsi" />
            </Method>
          </Methods>
        </Class>
        <Class>
          <Summary numSequencePoints="3" visitedSequencePoints="3" numBranchPoints="0" visitedBranchPoints="0" sequenceCoverage="1" branchCoverage="0" maxCyclomaticComplexity="1" minCyclomaticComplexity="1" visitedClasses="1" numClasses="1" visitedMethods="3" numMethods="3" />
          <FullName>Utility.CommandLine.ArgumentHelp</FullName>
          <Methods>
            <Method cyclomaticComplexity="1" nPathComplexity="0" sequenceCoverage="1" branchCoverage="0" isConstructor="False" isGetter="True" isSetter="False" isStatic="True">
              <Summary numSequencePoints="1" visitedSequencePoints="1" numBranchPoints="0" visitedBranchPoints="0" sequenceCoverage="1" branchCoverage="0" maxCyclomaticComplexity="1" minCyclomaticComplexity="1" visitedClasses="0" numClasses="0" visitedMethods="1" numMethods="1" />
              <MetadataToken />
              <Name>System.String Utility.CommandLine.ArgumentHelp::get_HelpText()</Name>
              <FileRef uid="1" />
              <SequencePoints>
                <SequencePoint vc="16" upsid="655" ordinal="0" sl="655" sc="1" el="655" ec="2" bec="0" bev="0" fileid="1" />
              </SequencePoints>
              <BranchPoints />
              <MethodPoint vc="1" upsid="0" p8:type="SequencePoint" ordinal="0" offset="0" sc="0" sl="655" ec="1" el="655" bec="0" bev="0" fileid="1" xmlns:p8="xsi" />
            </Method>
            <Method cyclomaticComplexity="1" nPathComplexity="0" sequenceCoverage="1" branchCoverage="0" isConstructor="False" isGetter="True" isSetter="False" isStatic="True">
              <Summary numSequencePoints="1" visitedSequencePoints="1" numBranchPoints="0" visitedBranchPoints="0" sequenceCoverage="1" branchCoverage="0" maxCyclomaticComplexity="1" minCyclomaticComplexity="1" visitedClasses="0" numClasses="0" visitedMethods="1" numMethods="1" />
              <MetadataToken />
              <Name>System.String Utility.CommandLine.ArgumentHelp::get_LongName()</Name>
              <FileRef uid="1" />
              <SequencePoints>
                <SequencePoint vc="14" upsid="660" ordinal="0" sl="660" sc="1" el="660" ec="2" bec="0" bev="0" fileid="1" />
              </SequencePoints>
              <BranchPoints />
              <MethodPoint vc="1" upsid="0" p8:type="SequencePoint" ordinal="1" offset="1" sc="0" sl="660" ec="1" el="660" bec="0" bev="0" fileid="1" xmlns:p8="xsi" />
            </Method>
            <Method cyclomaticComplexity="1" nPathComplexity="0" sequenceCoverage="1" branchCoverage="0" isConstructor="False" isGetter="True" isSetter="False" isStatic="True">
              <Summary numSequencePoints="1" visitedSequencePoints="1" numBranchPoints="0" visitedBranchPoints="0" sequenceCoverage="1" branchCoverage="0" maxCyclomaticComplexity="1" minCyclomaticComplexity="1" visitedClasses="0" numClasses="0" visitedMethods="1" numMethods="1" />
              <MetadataToken />
              <Name>System.Char Utility.CommandLine.ArgumentHelp::get_ShortName()</Name>
              <FileRef uid="1" />
              <SequencePoints>
                <SequencePoint vc="28" upsid="665" ordinal="0" sl="665" sc="1" el="665" ec="2" bec="0" bev="0" fileid="1" />
              </SequencePoints>
              <BranchPoints />
              <MethodPoint vc="1" upsid="0" p8:type="SequencePoint" ordinal="2" offset="2" sc="0" sl="665" ec="1" el="665" bec="0" bev="0" fileid="1" xmlns:p8="xsi" />
            </Method>
          </Methods>
        </Class>
        <Class>
          <Summary numSequencePoints="0" visitedSequencePoints="0" numBranchPoints="2" visitedBranchPoints="2" sequenceCoverage="0" branchCoverage="1" maxCyclomaticComplexity="2" minCyclomaticComplexity="2" visitedClasses="0" numClasses="1" visitedMethods="0" numMethods="0" />
          <FullName>Utility.CommandLine.Arguments/&lt;&gt;c</FullName>
          <Methods />
        </Class>
      </Classes>
    </Module>
  </Modules>
</CoverageSession>